<?xml version="1.0" encoding="UTF-8"?>
<testng-results ignored="0" total="2" passed="2" failed="0" skipped="0">
  <reporter-output>
  </reporter-output>
  <suite started-at="2020-12-19T21:10:41 EST" name="Default suite" finished-at="2020-12-19T21:10:45 EST" duration-ms="3490">
    <groups>
    </groups>
    <test started-at="2020-12-19T21:10:41 EST" name="Default test" finished-at="2020-12-19T21:10:45 EST" duration-ms="3490">
      <class name="RestAssuredDemo.test.RestDemoTest">
        <test-method signature="testAddCustomer()[pri:0, instance:RestAssuredDemo.test.RestDemoTest@d706f19]" started-at="2020-12-19T21:10:41 EST" name="testAddCustomer" finished-at="2020-12-19T21:10:43 EST" duration-ms="2066" status="PASS">
          <reporter-output>
          </reporter-output>
        </test-method> <!-- testAddCustomer -->
        <test-method signature="testGetUser()[pri:0, instance:RestAssuredDemo.test.RestDemoTest@d706f19]" started-at="2020-12-19T21:10:43 EST" name="testGetUser" finished-at="2020-12-19T21:10:45 EST" duration-ms="1396" status="PASS">
          <reporter-output>
          </reporter-output>
        </test-method> <!-- testGetUser -->
      </class> <!-- RestAssuredDemo.test.RestDemoTest -->
    </test> <!-- Default test -->
  </suite> <!-- Default suite -->
</testng-results>
